Build started 2/26/2016 12:46:24 PM.
     1>Project "C:\Users\leon\documents\visual studio 2013\Projects\GL2D engine\GL2D engine\GL2D engine.vcxproj" on node 2 (Build target(s)).
     1>ClCompile:
         D:\Program Files (x86)\Microsoft Visual Studio 12.0\VC\bin\CL.exe /c /Zi /nologo /W3 /WX- /sdl- /O2 /Ob2 /Oi /Ot /Oy- /GL /D GLEW_STATIC /D _CRT_SECURE_NO_WARNINGS /D FT2_BUILD_LIBRARY /D WIN32 /D _LIB /D _CRT_NONSTDC_NO_DEPRECATE /D _MBCS /Gm- /EHsc /MD /GS /Gy /arch:SSE2 /fp:fast /Zc:wchar_t /Zc:forScope /Fo"Release\\" /Fd"Release\vc120.pdb" /Gd /TP /analyze- /errorReport:prompt src\graphics\layers\group.cpp
         group.cpp
     1>c:\users\leon\documents\visual studio 2013\projects\gl2d engine\gl2d engine\src\math\utils.h(7): warning C4244: 'return' : conversion from 'double' to 'float', possible loss of data
     1>src\graphics\layers\group.cpp(12): warning C4018: '<' : signed/unsigned mismatch
       Link:
         D:\Program Files (x86)\Microsoft Visual Studio 12.0\VC\bin\link.exe /ERRORREPORT:PROMPT /OUT:"C:\Users\leon\documents\visual studio 2013\Projects\GL2D engine\bin\Release\GL2D_core.exe" /NOLOGO glfw3.lib glew32s.lib opengl32.lib FreeImage.lib kernel32.lib user32.lib gdi32.lib winspool.lib comdlg32.lib advapi32.lib shell32.lib ole32.lib oleaut32.lib uuid.lib odbc32.lib odbccp32.lib /MANIFEST /MANIFESTUAC:"level='asInvoker' uiAccess='false'" /manifest:embed /DEBUG /PDB:"C:\Users\leon\documents\visual studio 2013\Projects\GL2D engine\bin\Release\GL2D_core.pdb" /STACK:"8000000" /OPT:REF /OPT:ICF /LTCG /TLBID:1 /DYNAMICBASE /NXCOMPAT /IMPLIB:"C:\Users\leon\documents\visual studio 2013\Projects\GL2D engine\bin\Release\GL2D_core.lib" /MACHINE:X86 /SAFESEH Release\platform.obj
         "Release\texture-atlas.obj"
         "Release\texture-font.obj"
         Release\vector.obj
         Release\autofit.obj
         Release\ftbase.obj
         Release\ftbbox.obj
         Release\ftbitmap.obj
         Release\ftdebug.obj
         Release\ftfstype.obj
         Release\ftgasp.obj
         Release\ftglyph.obj
         Release\ftgxval.obj
         Release\ftinit.obj
         Release\ftlcdfil.obj
         Release\ftmm.obj
         Release\ftotval.obj
         Release\ftpatent.obj
         Release\ftpfr.obj
         Release\ftstroke.obj
         Release\ftsynth.obj
         Release\ftsystem.obj
         Release\fttype1.obj
         Release\ftwinfnt.obj
         Release\ftxf86.obj
         Release\bdf.obj
         Release\ftcache.obj
         Release\cff.obj
         Release\type1cid.obj
         Release\ftgzip.obj
         Release\ftlzw.obj
         Release\pcf.obj
         Release\pfr.obj
         Release\psaux.obj
         Release\pshinter.obj
         Release\psmodule.obj
         Release\raster.obj
         Release\sfnt.obj
         Release\smooth.obj
         Release\truetype.obj
         Release\type1.obj
         Release\type42.obj
         Release\winfnt.obj
         Release\main.obj
         Release\batchrenderer2d.obj
         Release\buffer.obj
         Release\indexbuffer.obj
         Release\vertexarray.obj
         Release\label.obj
         Release\group.obj
         Release\layer.obj
         Release\tilelayer.obj
         Release\shader.obj
         Release\simplerenderer2d.obj
         Release\sprite.obj
         Release\static_sprite.obj
         Release\texture.obj
         Release\window.obj
         Release\mat4.obj
         Release\vec2.obj
         Release\vec3.obj
         Release\vec4.obj
     1>LINK : warning LNK4098: defaultlib 'LIBCMT' conflicts with use of other libs; use /NODEFAULTLIB:library
         Generating code
         Finished generating code
     1>glew32s.lib(glew.obj) : warning LNK4099: PDB 'vc120.pdb' was not found with 'glew32s.lib(glew.obj)' or at 'C:\Users\leon\documents\visual studio 2013\Projects\GL2D engine\bin\Release\vc120.pdb'; linking object as if no debug info
         GL2D engine.vcxproj -> C:\Users\leon\documents\visual studio 2013\Projects\GL2D engine\bin\Release\GL2D_core.exe
     1>Done Building Project "C:\Users\leon\documents\visual studio 2013\Projects\GL2D engine\GL2D engine\GL2D engine.vcxproj" (Build target(s)).

Build succeeded.

Time Elapsed 00:00:03.87
