c:\users\leon\documents\visual studio 2013\projects\gl2d engine\gl2d engine\debug\vc120.pdb
c:\users\leon\documents\visual studio 2013\projects\gl2d engine\gl2d engine\debug\vc120.idb
c:\users\leon\documents\visual studio 2013\projects\gl2d engine\gl2d engine\debug\vec4.sbr
c:\users\leon\documents\visual studio 2013\projects\gl2d engine\gl2d engine\debug\vec3.sbr
c:\users\leon\documents\visual studio 2013\projects\gl2d engine\gl2d engine\debug\vec2.sbr
c:\users\leon\documents\visual studio 2013\projects\gl2d engine\gl2d engine\debug\mat4.sbr
c:\users\leon\documents\visual studio 2013\projects\gl2d engine\gl2d engine\debug\window.sbr
c:\users\leon\documents\visual studio 2013\projects\gl2d engine\gl2d engine\debug\simplerenderer2d.sbr
c:\users\leon\documents\visual studio 2013\projects\gl2d engine\gl2d engine\debug\shader.sbr
c:\users\leon\documents\visual studio 2013\projects\gl2d engine\gl2d engine\debug\renderable2d.sbr
c:\users\leon\documents\visual studio 2013\projects\gl2d engine\gl2d engine\debug\vertexarray.sbr
c:\users\leon\documents\visual studio 2013\projects\gl2d engine\gl2d engine\debug\indexbuffer.sbr
c:\users\leon\documents\visual studio 2013\projects\gl2d engine\gl2d engine\debug\buffer.sbr
c:\users\leon\documents\visual studio 2013\projects\gl2d engine\gl2d engine\debug\main.sbr
c:\users\leon\documents\visual studio 2013\projects\gl2d engine\gl2d engine\debug\main.obj
c:\users\leon\documents\visual studio 2013\projects\gl2d engine\gl2d engine\debug\buffer.obj
c:\users\leon\documents\visual studio 2013\projects\gl2d engine\gl2d engine\debug\indexbuffer.obj
c:\users\leon\documents\visual studio 2013\projects\gl2d engine\gl2d engine\debug\vertexarray.obj
c:\users\leon\documents\visual studio 2013\projects\gl2d engine\gl2d engine\debug\renderable2d.obj
c:\users\leon\documents\visual studio 2013\projects\gl2d engine\gl2d engine\debug\shader.obj
c:\users\leon\documents\visual studio 2013\projects\gl2d engine\gl2d engine\debug\simplerenderer2d.obj
c:\users\leon\documents\visual studio 2013\projects\gl2d engine\gl2d engine\debug\window.obj
c:\users\leon\documents\visual studio 2013\projects\gl2d engine\gl2d engine\debug\mat4.obj
c:\users\leon\documents\visual studio 2013\projects\gl2d engine\gl2d engine\debug\vec2.obj
c:\users\leon\documents\visual studio 2013\projects\gl2d engine\gl2d engine\debug\vec3.obj
c:\users\leon\documents\visual studio 2013\projects\gl2d engine\gl2d engine\debug\vec4.obj
c:\users\leon\documents\visual studio 2013\projects\gl2d engine\bin\debug\gl2d_core.pdb
c:\users\leon\documents\visual studio 2013\projects\gl2d engine\gl2d engine\debug\gl2d_core.tlog\cl.command.1.tlog
c:\users\leon\documents\visual studio 2013\projects\gl2d engine\gl2d engine\debug\gl2d_core.tlog\cl.read.1.tlog
c:\users\leon\documents\visual studio 2013\projects\gl2d engine\gl2d engine\debug\gl2d_core.tlog\cl.write.1.tlog
c:\users\leon\documents\visual studio 2013\projects\gl2d engine\gl2d engine\debug\gl2d_core.tlog\link-cvtres.read.1.tlog
c:\users\leon\documents\visual studio 2013\projects\gl2d engine\gl2d engine\debug\gl2d_core.tlog\link-cvtres.write.1.tlog
c:\users\leon\documents\visual studio 2013\projects\gl2d engine\gl2d engine\debug\gl2d_core.tlog\link-rc.read.1.tlog
c:\users\leon\documents\visual studio 2013\projects\gl2d engine\gl2d engine\debug\gl2d_core.tlog\link-rc.write.1.tlog
c:\users\leon\documents\visual studio 2013\projects\gl2d engine\gl2d engine\debug\gl2d_core.tlog\link.command.1.tlog
c:\users\leon\documents\visual studio 2013\projects\gl2d engine\gl2d engine\debug\gl2d_core.tlog\link.read.1.tlog
c:\users\leon\documents\visual studio 2013\projects\gl2d engine\gl2d engine\debug\gl2d_core.tlog\link.write.1.tlog
